This file contains any messages produced by compilers while
running configure, to aid debugging if configure makes a mistake.

It was created by m210 configure 0.8, which was
generated by GNU Autoconf 2.69.  Invocation command line was

  $ ./configure 

## --------- ##
## Platform. ##
## --------- ##

hostname = laptop
uname -m = x86_64
uname -r = 4.6.0-rc7-00001-g590ba17
uname -s = Linux
uname -v = #4 SMP Tue May 10 10:04:17 CEST 2016

/usr/bin/uname -p = unknown
/bin/uname -X     = unknown

/bin/arch              = unknown
/usr/bin/arch -k       = unknown
/usr/convex/getsysinfo = unknown
/usr/bin/hostinfo      = unknown
/bin/machine           = unknown
/usr/bin/oslevel       = unknown
/bin/universe          = unknown

PATH: /usr/local/bin
PATH: /usr/bin
PATH: /bin
PATH: /usr/local/games
PATH: /usr/games


## ----------- ##
## Core tests. ##
## ----------- ##

configure:2250: checking for a BSD-compatible install
configure:2318: result: /usr/bin/install -c
configure:2329: checking whether build environment is sane
configure:2384: result: yes
configure:2535: checking for a thread-safe mkdir -p
configure:2574: result: /bin/mkdir -p
configure:2581: checking for gawk
configure:2597: found /usr/bin/gawk
configure:2608: result: gawk
configure:2619: checking whether make sets $(MAKE)
configure:2641: result: yes
configure:2670: checking whether make supports nested variables
configure:2687: result: yes
configure:2843: checking build system type
configure:2857: result: x86_64-unknown-linux-gnu
configure:2877: checking host system type
configure:2890: result: x86_64-unknown-linux-gnu
configure:2931: checking how to print strings
configure:2958: result: printf
configure:2991: checking for style of include used by make
configure:3019: result: GNU
configure:3090: checking for gcc
configure:3106: found /usr/bin/gcc
configure:3117: result: gcc
configure:3346: checking for C compiler version
configure:3355: gcc --version >&5
gcc (Debian 4.9.2-10) 4.9.2
Copyright (C) 2014 Free Software Foundation, Inc.
This is free software; see the source for copying conditions.  There is NO
warranty; not even for MERCHANTABILITY or FITNESS FOR A PARTICULAR PURPOSE.

configure:3366: $? = 0
configure:3355: gcc -v >&5
Using built-in specs.
COLLECT_GCC=gcc
COLLECT_LTO_WRAPPER=/usr/lib/gcc/x86_64-linux-gnu/4.9/lto-wrapper
Target: x86_64-linux-gnu
Configured with: ../src/configure -v --with-pkgversion='Debian 4.9.2-10' --with-bugurl=file:///usr/share/doc/gcc-4.9/README.Bugs --enable-languages=c,c++,java,go,d,fortran,objc,obj-c++ --prefix=/usr --program-suffix=-4.9 --enable-shared --enable-linker-build-id --libexecdir=/usr/lib --without-included-gettext --enable-threads=posix --with-gxx-include-dir=/usr/include/c++/4.9 --libdir=/usr/lib --enable-nls --with-sysroot=/ --enable-clocale=gnu --enable-libstdcxx-debug --enable-libstdcxx-time=yes --enable-gnu-unique-object --disable-vtable-verify --enable-plugin --with-system-zlib --disable-browser-plugin --enable-java-awt=gtk --enable-gtk-cairo --with-java-home=/usr/lib/jvm/java-1.5.0-gcj-4.9-amd64/jre --enable-java-home --with-jvm-root-dir=/usr/lib/jvm/java-1.5.0-gcj-4.9-amd64 --with-jvm-jar-dir=/usr/lib/jvm-exports/java-1.5.0-gcj-4.9-amd64 --with-arch-directory=amd64 --with-ecj-jar=/usr/share/java/eclipse-ecj.jar --enable-objc-gc --enable-multiarch --with-arch-32=i586 --with-abi=m64 --with-multilib-list=m32,m64,mx32 --enable-multilib --with-tune=generic --enable-checking=release --build=x86_64-linux-gnu --host=x86_64-linux-gnu --target=x86_64-linux-gnu
Thread model: posix
gcc version 4.9.2 (Debian 4.9.2-10) 
configure:3366: $? = 0
configure:3355: gcc -V >&5
gcc: error: unrecognized command line option '-V'
gcc: fatal error: no input files
compilation terminated.
configure:3366: $? = 4
configure:3355: gcc -qversion >&5
gcc: error: unrecognized command line option '-qversion'
gcc: fatal error: no input files
compilation terminated.
configure:3366: $? = 4
configure:3386: checking whether the C compiler works
configure:3408: gcc    conftest.c  >&5
configure:3412: $? = 0
configure:3460: result: yes
configure:3463: checking for C compiler default output file name
configure:3465: result: a.out
configure:3471: checking for suffix of executables
configure:3478: gcc -o conftest    conftest.c  >&5
configure:3482: $? = 0
configure:3504: result: 
configure:3526: checking whether we are cross compiling
configure:3534: gcc -o conftest    conftest.c  >&5
configure:3538: $? = 0
configure:3545: ./conftest
configure:3549: $? = 0
configure:3564: result: no
configure:3569: checking for suffix of object files
configure:3591: gcc -c   conftest.c >&5
configure:3595: $? = 0
configure:3616: result: o
configure:3620: checking whether we are using the GNU C compiler
configure:3639: gcc -c   conftest.c >&5
configure:3639: $? = 0
configure:3648: result: yes
configure:3657: checking whether gcc accepts -g
configure:3677: gcc -c -g  conftest.c >&5
configure:3677: $? = 0
configure:3718: result: yes
configure:3735: checking for gcc option to accept ISO C89
configure:3798: gcc  -c -g -O2  conftest.c >&5
configure:3798: $? = 0
configure:3811: result: none needed
configure:3836: checking whether gcc understands -c and -o together
configure:3858: gcc -c conftest.c -o conftest2.o
configure:3861: $? = 0
configure:3858: gcc -c conftest.c -o conftest2.o
configure:3861: $? = 0
configure:3873: result: yes
configure:3892: checking dependency style of gcc
configure:4003: result: gcc3
configure:4018: checking for a sed that does not truncate output
configure:4082: result: /bin/sed
configure:4100: checking for grep that handles long lines and -e
configure:4158: result: /bin/grep
configure:4163: checking for egrep
configure:4225: result: /bin/grep -E
configure:4230: checking for fgrep
configure:4292: result: /bin/grep -F
configure:4327: checking for ld used by gcc
configure:4394: result: /usr/bin/ld
configure:4401: checking if the linker (/usr/bin/ld) is GNU ld
configure:4416: result: yes
configure:4428: checking for BSD- or MS-compatible name lister (nm)
configure:4477: result: /usr/bin/nm -B
configure:4607: checking the name lister (/usr/bin/nm -B) interface
configure:4614: gcc -c -g -O2  conftest.c >&5
configure:4617: /usr/bin/nm -B "conftest.o"
configure:4620: output
0000000000000000 B some_variable
configure:4627: result: BSD nm
configure:4630: checking whether ln -s works
configure:4634: result: yes
configure:4642: checking the maximum length of command line arguments
configure:4773: result: 1572864
configure:4790: checking whether the shell understands some XSI constructs
configure:4800: result: yes
configure:4804: checking whether the shell understands "+="
configure:4810: result: yes
configure:4845: checking how to convert x86_64-unknown-linux-gnu file names to x86_64-unknown-linux-gnu format
configure:4885: result: func_convert_file_noop
configure:4892: checking how to convert x86_64-unknown-linux-gnu file names to toolchain format
configure:4912: result: func_convert_file_noop
configure:4919: checking for /usr/bin/ld option to reload object files
configure:4926: result: -r
configure:5000: checking for objdump
configure:5016: found /usr/bin/objdump
configure:5027: result: objdump
configure:5059: checking how to recognize dependent libraries
configure:5257: result: pass_all
configure:5342: checking for dlltool
configure:5372: result: no
configure:5402: checking how to associate runtime and link libraries
configure:5429: result: printf %s\n
configure:5490: checking for ar
configure:5506: found /usr/bin/ar
configure:5517: result: ar
configure:5554: checking for archiver @FILE support
configure:5571: gcc -c -g -O2  conftest.c >&5
configure:5571: $? = 0
configure:5574: ar cru libconftest.a @conftest.lst >&5
ar: `u' modifier ignored since `D' is the default (see `U')
configure:5577: $? = 0
configure:5582: ar cru libconftest.a @conftest.lst >&5
ar: `u' modifier ignored since `D' is the default (see `U')
ar: conftest.o: No such file or directory
configure:5585: $? = 1
configure:5597: result: @
configure:5655: checking for strip
configure:5671: found /usr/bin/strip
configure:5682: result: strip
configure:5754: checking for ranlib
configure:5770: found /usr/bin/ranlib
configure:5781: result: ranlib
configure:5883: checking command to parse /usr/bin/nm -B output from gcc object
configure:6003: gcc -c -g -O2  conftest.c >&5
configure:6006: $? = 0
configure:6010: /usr/bin/nm -B conftest.o \| sed -n -e 's/^.*[ ]\([ABCDGIRSTW][ABCDGIRSTW]*\)[ ][ ]*\([_A-Za-z][_A-Za-z0-9]*\)$/\1 \2 \2/p' | sed '/ __gnu_lto/d' \> conftest.nm
configure:6013: $? = 0
configure:6079: gcc -o conftest -g -O2   conftest.c conftstm.o >&5
configure:6082: $? = 0
configure:6120: result: ok
configure:6157: checking for sysroot
configure:6187: result: no
configure:6264: gcc -c -g -O2  conftest.c >&5
configure:6267: $? = 0
configure:6456: checking for mt
configure:6472: found /bin/mt
configure:6483: result: mt
configure:6506: checking if mt is a manifest tool
configure:6512: mt '-?'
configure:6520: result: no
configure:7162: checking how to run the C preprocessor
configure:7193: gcc -E  conftest.c
configure:7193: $? = 0
configure:7207: gcc -E  conftest.c
conftest.c:11:28: fatal error: ac_nonexistent.h: No such file or directory
 #include <ac_nonexistent.h>
                            ^
compilation terminated.
configure:7207: $? = 1
configure: failed program was:
| /* confdefs.h */
| #define PACKAGE_NAME "m210"
| #define PACKAGE_TARNAME "m210"
| #define PACKAGE_VERSION "0.8"
| #define PACKAGE_STRING "m210 0.8"
| #define PACKAGE_BUGREPORT "https://bugs.launchpad.net/m210"
| #define PACKAGE_URL "http://tjjr.fi/sw/m210/"
| #define PACKAGE "m210"
| #define VERSION "0.8"
| /* end confdefs.h.  */
| #include <ac_nonexistent.h>
configure:7232: result: gcc -E
configure:7252: gcc -E  conftest.c
configure:7252: $? = 0
configure:7266: gcc -E  conftest.c
conftest.c:11:28: fatal error: ac_nonexistent.h: No such file or directory
 #include <ac_nonexistent.h>
                            ^
compilation terminated.
configure:7266: $? = 1
configure: failed program was:
| /* confdefs.h */
| #define PACKAGE_NAME "m210"
| #define PACKAGE_TARNAME "m210"
| #define PACKAGE_VERSION "0.8"
| #define PACKAGE_STRING "m210 0.8"
| #define PACKAGE_BUGREPORT "https://bugs.launchpad.net/m210"
| #define PACKAGE_URL "http://tjjr.fi/sw/m210/"
| #define PACKAGE "m210"
| #define VERSION "0.8"
| /* end confdefs.h.  */
| #include <ac_nonexistent.h>
configure:7295: checking for ANSI C header files
configure:7315: gcc -c -g -O2  conftest.c >&5
configure:7315: $? = 0
configure:7388: gcc -o conftest -g -O2   conftest.c  >&5
configure:7388: $? = 0
configure:7388: ./conftest
configure:7388: $? = 0
configure:7399: result: yes
configure:7412: checking for sys/types.h
configure:7412: gcc -c -g -O2  conftest.c >&5
configure:7412: $? = 0
configure:7412: result: yes
configure:7412: checking for sys/stat.h
configure:7412: gcc -c -g -O2  conftest.c >&5
configure:7412: $? = 0
configure:7412: result: yes
configure:7412: checking for stdlib.h
configure:7412: gcc -c -g -O2  conftest.c >&5
configure:7412: $? = 0
configure:7412: result: yes
configure:7412: checking for string.h
configure:7412: gcc -c -g -O2  conftest.c >&5
configure:7412: $? = 0
configure:7412: result: yes
configure:7412: checking for memory.h
configure:7412: gcc -c -g -O2  conftest.c >&5
configure:7412: $? = 0
configure:7412: result: yes
configure:7412: checking for strings.h
configure:7412: gcc -c -g -O2  conftest.c >&5
configure:7412: $? = 0
configure:7412: result: yes
configure:7412: checking for inttypes.h
configure:7412: gcc -c -g -O2  conftest.c >&5
configure:7412: $? = 0
configure:7412: result: yes
configure:7412: checking for stdint.h
configure:7412: gcc -c -g -O2  conftest.c >&5
configure:7412: $? = 0
configure:7412: result: yes
configure:7412: checking for unistd.h
configure:7412: gcc -c -g -O2  conftest.c >&5
configure:7412: $? = 0
configure:7412: result: yes
configure:7426: checking for dlfcn.h
configure:7426: gcc -c -g -O2  conftest.c >&5
configure:7426: $? = 0
configure:7426: result: yes
configure:7632: checking for objdir
configure:7647: result: .libs
configure:7918: checking if gcc supports -fno-rtti -fno-exceptions
configure:7936: gcc -c -g -O2  -fno-rtti -fno-exceptions conftest.c >&5
cc1: warning: command line option '-fno-rtti' is valid for C++/ObjC++ but not for C
configure:7940: $? = 0
configure:7953: result: no
configure:8280: checking for gcc option to produce PIC
configure:8287: result: -fPIC -DPIC
configure:8295: checking if gcc PIC flag -fPIC -DPIC works
configure:8313: gcc -c -g -O2  -fPIC -DPIC -DPIC conftest.c >&5
configure:8317: $? = 0
configure:8330: result: yes
configure:8359: checking if gcc static flag -static works
configure:8387: result: yes
configure:8402: checking if gcc supports -c -o file.o
configure:8423: gcc -c -g -O2  -o out/conftest2.o conftest.c >&5
configure:8427: $? = 0
configure:8449: result: yes
configure:8457: checking if gcc supports -c -o file.o
configure:8504: result: yes
configure:8537: checking whether the gcc linker (/usr/bin/ld -m elf_x86_64) supports shared libraries
configure:9694: result: yes
configure:9731: checking whether -lc should be explicitly linked in
configure:9739: gcc -c -g -O2  conftest.c >&5
configure:9742: $? = 0
configure:9757: gcc -shared  -fPIC -DPIC conftest.o  -v -Wl,-soname -Wl,conftest -o conftest 2\>\&1 \| /bin/grep  -lc  \>/dev/null 2\>\&1
configure:9760: $? = 0
configure:9774: result: no
configure:9934: checking dynamic linker characteristics
configure:10434: gcc -o conftest -g -O2   -Wl,-rpath -Wl,/foo conftest.c  >&5
configure:10434: $? = 0
configure:10668: result: GNU/Linux ld.so
configure:10775: checking how to hardcode library paths into programs
configure:10800: result: immediate
configure:11340: checking whether stripping libraries is possible
configure:11345: result: yes
configure:11380: checking if libtool supports shared libraries
configure:11382: result: yes
configure:11385: checking whether to build shared libraries
configure:11406: result: yes
configure:11409: checking whether to build static libraries
configure:11413: result: yes
configure:11498: checking for gcc
configure:11525: result: gcc
configure:11754: checking for C compiler version
configure:11763: gcc --version >&5
gcc (Debian 4.9.2-10) 4.9.2
Copyright (C) 2014 Free Software Foundation, Inc.
This is free software; see the source for copying conditions.  There is NO
warranty; not even for MERCHANTABILITY or FITNESS FOR A PARTICULAR PURPOSE.

configure:11774: $? = 0
configure:11763: gcc -v >&5
Using built-in specs.
COLLECT_GCC=gcc
COLLECT_LTO_WRAPPER=/usr/lib/gcc/x86_64-linux-gnu/4.9/lto-wrapper
Target: x86_64-linux-gnu
Configured with: ../src/configure -v --with-pkgversion='Debian 4.9.2-10' --with-bugurl=file:///usr/share/doc/gcc-4.9/README.Bugs --enable-languages=c,c++,java,go,d,fortran,objc,obj-c++ --prefix=/usr --program-suffix=-4.9 --enable-shared --enable-linker-build-id --libexecdir=/usr/lib --without-included-gettext --enable-threads=posix --with-gxx-include-dir=/usr/include/c++/4.9 --libdir=/usr/lib --enable-nls --with-sysroot=/ --enable-clocale=gnu --enable-libstdcxx-debug --enable-libstdcxx-time=yes --enable-gnu-unique-object --disable-vtable-verify --enable-plugin --with-system-zlib --disable-browser-plugin --enable-java-awt=gtk --enable-gtk-cairo --with-java-home=/usr/lib/jvm/java-1.5.0-gcj-4.9-amd64/jre --enable-java-home --with-jvm-root-dir=/usr/lib/jvm/java-1.5.0-gcj-4.9-amd64 --with-jvm-jar-dir=/usr/lib/jvm-exports/java-1.5.0-gcj-4.9-amd64 --with-arch-directory=amd64 --with-ecj-jar=/usr/share/java/eclipse-ecj.jar --enable-objc-gc --enable-multiarch --with-arch-32=i586 --with-abi=m64 --with-multilib-list=m32,m64,mx32 --enable-multilib --with-tune=generic --enable-checking=release --build=x86_64-linux-gnu --host=x86_64-linux-gnu --target=x86_64-linux-gnu
Thread model: posix
gcc version 4.9.2 (Debian 4.9.2-10) 
configure:11774: $? = 0
configure:11763: gcc -V >&5
gcc: error: unrecognized command line option '-V'
gcc: fatal error: no input files
compilation terminated.
configure:11774: $? = 4
configure:11763: gcc -qversion >&5
gcc: error: unrecognized command line option '-qversion'
gcc: fatal error: no input files
compilation terminated.
configure:11774: $? = 4
configure:11778: checking whether we are using the GNU C compiler
configure:11806: result: yes
configure:11815: checking whether gcc accepts -g
configure:11876: result: yes
configure:11893: checking for gcc option to accept ISO C89
configure:11969: result: none needed
configure:11994: checking whether gcc understands -c and -o together
configure:12031: result: yes
configure:12050: checking dependency style of gcc
configure:12161: result: gcc3
configure:12176: checking libudev.h usability
configure:12176: gcc -c -g -O2  conftest.c >&5
configure:12176: $? = 0
configure:12176: result: yes
configure:12176: checking libudev.h presence
configure:12176: gcc -E  conftest.c
configure:12176: $? = 0
configure:12176: result: yes
configure:12176: checking for libudev.h
configure:12176: result: yes
configure:12333: checking that generated files are newer than configure
configure:12339: result: done
configure:12366: creating ./config.status

## ---------------------- ##
## Running config.status. ##
## ---------------------- ##

This file was extended by m210 config.status 0.8, which was
generated by GNU Autoconf 2.69.  Invocation command line was

  CONFIG_FILES    = 
  CONFIG_HEADERS  = 
  CONFIG_LINKS    = 
  CONFIG_COMMANDS = 
  $ ./config.status 

on laptop

config.status:1006: creating Makefile
config.status:1006: creating src/Makefile
config.status:1006: creating src/libm210/Makefile
config.status:1178: executing depfiles commands
config.status:1178: executing libtool commands

## ---------------- ##
## Cache variables. ##
## ---------------- ##

ac_cv_build=x86_64-unknown-linux-gnu
ac_cv_c_compiler_gnu=yes
ac_cv_env_CC_set=
ac_cv_env_CC_value=
ac_cv_env_CFLAGS_set=
ac_cv_env_CFLAGS_value=
ac_cv_env_CPPFLAGS_set=
ac_cv_env_CPPFLAGS_value=
ac_cv_env_CPP_set=
ac_cv_env_CPP_value=
ac_cv_env_LDFLAGS_set=
ac_cv_env_LDFLAGS_value=
ac_cv_env_LIBS_set=
ac_cv_env_LIBS_value=
ac_cv_env_build_alias_set=
ac_cv_env_build_alias_value=
ac_cv_env_host_alias_set=
ac_cv_env_host_alias_value=
ac_cv_env_target_alias_set=
ac_cv_env_target_alias_value=
ac_cv_header_dlfcn_h=yes
ac_cv_header_inttypes_h=yes
ac_cv_header_libudev_h=yes
ac_cv_header_memory_h=yes
ac_cv_header_stdc=yes
ac_cv_header_stdint_h=yes
ac_cv_header_stdlib_h=yes
ac_cv_header_string_h=yes
ac_cv_header_strings_h=yes
ac_cv_header_sys_stat_h=yes
ac_cv_header_sys_types_h=yes
ac_cv_header_unistd_h=yes
ac_cv_host=x86_64-unknown-linux-gnu
ac_cv_objext=o
ac_cv_path_EGREP='/bin/grep -E'
ac_cv_path_FGREP='/bin/grep -F'
ac_cv_path_GREP=/bin/grep
ac_cv_path_SED=/bin/sed
ac_cv_path_install='/usr/bin/install -c'
ac_cv_path_mkdir=/bin/mkdir
ac_cv_prog_AWK=gawk
ac_cv_prog_CPP='gcc -E'
ac_cv_prog_ac_ct_AR=ar
ac_cv_prog_ac_ct_CC=gcc
ac_cv_prog_ac_ct_MANIFEST_TOOL=mt
ac_cv_prog_ac_ct_OBJDUMP=objdump
ac_cv_prog_ac_ct_RANLIB=ranlib
ac_cv_prog_ac_ct_STRIP=strip
ac_cv_prog_cc_c89=
ac_cv_prog_cc_g=yes
ac_cv_prog_make_make_set=yes
am_cv_CC_dependencies_compiler_type=gcc3
am_cv_make_support_nested_variables=yes
am_cv_prog_cc_c_o=yes
lt_cv_ar_at_file=@
lt_cv_archive_cmds_need_lc=no
lt_cv_deplibs_check_method=pass_all
lt_cv_file_magic_cmd='$MAGIC_CMD'
lt_cv_file_magic_test_file=
lt_cv_ld_reload_flag=-r
lt_cv_nm_interface='BSD nm'
lt_cv_objdir=.libs
lt_cv_path_LD=/usr/bin/ld
lt_cv_path_NM='/usr/bin/nm -B'
lt_cv_path_mainfest_tool=no
lt_cv_prog_compiler_c_o=yes
lt_cv_prog_compiler_pic='-fPIC -DPIC'
lt_cv_prog_compiler_pic_works=yes
lt_cv_prog_compiler_rtti_exceptions=no
lt_cv_prog_compiler_static_works=yes
lt_cv_prog_gnu_ld=yes
lt_cv_sharedlib_from_linklib_cmd='printf %s\n'
lt_cv_shlibpath_overrides_runpath=no
lt_cv_sys_global_symbol_pipe='sed -n -e '\''s/^.*[	 ]\([ABCDGIRSTW][ABCDGIRSTW]*\)[	 ][	 ]*\([_A-Za-z][_A-Za-z0-9]*\)$/\1 \2 \2/p'\'' | sed '\''/ __gnu_lto/d'\'''
lt_cv_sys_global_symbol_to_c_name_address='sed -n -e '\''s/^: \([^ ]*\)[ ]*$/  {\"\1\", (void *) 0},/p'\'' -e '\''s/^[ABCDGIRSTW]* \([^ ]*\) \([^ ]*\)$/  {"\2", (void *) \&\2},/p'\'''
lt_cv_sys_global_symbol_to_c_name_address_lib_prefix='sed -n -e '\''s/^: \([^ ]*\)[ ]*$/  {\"\1\", (void *) 0},/p'\'' -e '\''s/^[ABCDGIRSTW]* \([^ ]*\) \(lib[^ ]*\)$/  {"\2", (void *) \&\2},/p'\'' -e '\''s/^[ABCDGIRSTW]* \([^ ]*\) \([^ ]*\)$/  {"lib\2", (void *) \&\2},/p'\'''
lt_cv_sys_global_symbol_to_cdecl='sed -n -e '\''s/^T .* \(.*\)$/extern int \1();/p'\'' -e '\''s/^[ABCDGIRSTW]* .* \(.*\)$/extern char \1;/p'\'''
lt_cv_sys_max_cmd_len=1572864
lt_cv_to_host_file_cmd=func_convert_file_noop
lt_cv_to_tool_file_cmd=func_convert_file_noop

## ----------------- ##
## Output variables. ##
## ----------------- ##

ACLOCAL='${SHELL} /home/martin/dev/m210/m210/build-aux/missing aclocal-1.14'
AMDEPBACKSLASH='\'
AMDEP_FALSE='#'
AMDEP_TRUE=''
AMTAR='$${TAR-tar}'
AM_BACKSLASH='\'
AM_DEFAULT_V='$(AM_DEFAULT_VERBOSITY)'
AM_DEFAULT_VERBOSITY='1'
AM_V='$(V)'
AR='ar'
AUTOCONF='${SHELL} /home/martin/dev/m210/m210/build-aux/missing autoconf'
AUTOHEADER='${SHELL} /home/martin/dev/m210/m210/build-aux/missing autoheader'
AUTOMAKE='${SHELL} /home/martin/dev/m210/m210/build-aux/missing automake-1.14'
AWK='gawk'
CC='gcc'
CCDEPMODE='depmode=gcc3'
CFLAGS='-g -O2'
CPP='gcc -E'
CPPFLAGS=''
CYGPATH_W='echo'
DEFS='-DPACKAGE_NAME=\"m210\" -DPACKAGE_TARNAME=\"m210\" -DPACKAGE_VERSION=\"0.8\" -DPACKAGE_STRING=\"m210\ 0.8\" -DPACKAGE_BUGREPORT=\"https://bugs.launchpad.net/m210\" -DPACKAGE_URL=\"http://tjjr.fi/sw/m210/\" -DPACKAGE=\"m210\" -DVERSION=\"0.8\" -DSTDC_HEADERS=1 -DHAVE_SYS_TYPES_H=1 -DHAVE_SYS_STAT_H=1 -DHAVE_STDLIB_H=1 -DHAVE_STRING_H=1 -DHAVE_MEMORY_H=1 -DHAVE_STRINGS_H=1 -DHAVE_INTTYPES_H=1 -DHAVE_STDINT_H=1 -DHAVE_UNISTD_H=1 -DHAVE_DLFCN_H=1 -DLT_OBJDIR=\".libs/\"'
DEPDIR='.deps'
DLLTOOL='false'
DSYMUTIL=''
DUMPBIN=''
ECHO_C=''
ECHO_N='-n'
ECHO_T=''
EGREP='/bin/grep -E'
EXEEXT=''
FGREP='/bin/grep -F'
GREP='/bin/grep'
INSTALL_DATA='${INSTALL} -m 644'
INSTALL_PROGRAM='${INSTALL}'
INSTALL_SCRIPT='${INSTALL}'
INSTALL_STRIP_PROGRAM='$(install_sh) -c -s'
LD='/usr/bin/ld -m elf_x86_64'
LDFLAGS=''
LIBOBJS=''
LIBS=''
LIBTOOL='$(SHELL) $(top_builddir)/libtool'
LIPO=''
LN_S='ln -s'
LTLIBOBJS=''
MAKEINFO='${SHELL} /home/martin/dev/m210/m210/build-aux/missing makeinfo'
MANIFEST_TOOL=':'
MKDIR_P='/bin/mkdir -p'
NM='/usr/bin/nm -B'
NMEDIT=''
OBJDUMP='objdump'
OBJEXT='o'
OTOOL64=''
OTOOL=''
PACKAGE='m210'
PACKAGE_BUGREPORT='https://bugs.launchpad.net/m210'
PACKAGE_NAME='m210'
PACKAGE_STRING='m210 0.8'
PACKAGE_TARNAME='m210'
PACKAGE_URL='http://tjjr.fi/sw/m210/'
PACKAGE_VERSION='0.8'
PATH_SEPARATOR=':'
RANLIB='ranlib'
SED='/bin/sed'
SET_MAKE=''
SHELL='/bin/bash'
STRIP='strip'
VERSION='0.8'
ac_ct_AR='ar'
ac_ct_CC='gcc'
ac_ct_DUMPBIN=''
am__EXEEXT_FALSE=''
am__EXEEXT_TRUE='#'
am__fastdepCC_FALSE='#'
am__fastdepCC_TRUE=''
am__include='include'
am__isrc=''
am__leading_dot='.'
am__nodep='_no'
am__quote=''
am__tar='$${TAR-tar} chof - "$$tardir"'
am__untar='$${TAR-tar} xf -'
bindir='${exec_prefix}/bin'
build='x86_64-unknown-linux-gnu'
build_alias=''
build_cpu='x86_64'
build_os='linux-gnu'
build_vendor='unknown'
datadir='${datarootdir}'
datarootdir='${prefix}/share'
docdir='${datarootdir}/doc/${PACKAGE_TARNAME}'
dvidir='${docdir}'
exec_prefix='${prefix}'
host='x86_64-unknown-linux-gnu'
host_alias=''
host_cpu='x86_64'
host_os='linux-gnu'
host_vendor='unknown'
htmldir='${docdir}'
includedir='${prefix}/include'
infodir='${datarootdir}/info'
install_sh='${SHELL} /home/martin/dev/m210/m210/build-aux/install-sh'
libdir='${exec_prefix}/lib'
libexecdir='${exec_prefix}/libexec'
localedir='${datarootdir}/locale'
localstatedir='${prefix}/var'
mandir='${datarootdir}/man'
mkdir_p='$(MKDIR_P)'
oldincludedir='/usr/include'
pdfdir='${docdir}'
prefix='/usr/local'
program_transform_name='s,x,x,'
psdir='${docdir}'
sbindir='${exec_prefix}/sbin'
sharedstatedir='${prefix}/com'
sysconfdir='${prefix}/etc'
target_alias=''

## ----------- ##
## confdefs.h. ##
## ----------- ##

/* confdefs.h */
#define PACKAGE_NAME "m210"
#define PACKAGE_TARNAME "m210"
#define PACKAGE_VERSION "0.8"
#define PACKAGE_STRING "m210 0.8"
#define PACKAGE_BUGREPORT "https://bugs.launchpad.net/m210"
#define PACKAGE_URL "http://tjjr.fi/sw/m210/"
#define PACKAGE "m210"
#define VERSION "0.8"
#define STDC_HEADERS 1
#define HAVE_SYS_TYPES_H 1
#define HAVE_SYS_STAT_H 1
#define HAVE_STDLIB_H 1
#define HAVE_STRING_H 1
#define HAVE_MEMORY_H 1
#define HAVE_STRINGS_H 1
#define HAVE_INTTYPES_H 1
#define HAVE_STDINT_H 1
#define HAVE_UNISTD_H 1
#define HAVE_DLFCN_H 1
#define LT_OBJDIR ".libs/"

configure: exit 0

## ---------------------- ##
## Running config.status. ##
## ---------------------- ##

This file was extended by m210 config.status 0.8, which was
generated by GNU Autoconf 2.69.  Invocation command line was

  CONFIG_FILES    = 
  CONFIG_HEADERS  = 
  CONFIG_LINKS    = 
  CONFIG_COMMANDS = 
  $ ./config.status src/libm210/Makefile depfiles

on laptop

config.status:1006: creating src/libm210/Makefile
config.status:1178: executing depfiles commands
